<?xml version="1.0" encoding="UTF-8"?>
<testsuite xmlns:xsi="http://www.w3.org/2001/XMLSchema-instance" xsi:noNamespaceSchemaLocation="https://maven.apache.org/surefire/maven-surefire-plugin/xsd/surefire-test-report.xsd" version="3.0.2" name="TestSuite" time="134.284" tests="1" errors="0" skipped="0" failures="0">
  <properties>
[...]
</properties>
  <testcase name="runScenario[&quot;Login with valid credentials and complete IQ Test&quot;, &quot;Login to SmartEdu Application&quot;](1)" classname="com.daryl.testng.runner.CucumberRunnerTests" time="131.378">
    <system-out><![CDATA[
@ValidCredentialsAndCompleteIQTest
Scenario Outline: Login with valid credentials and complete IQ Test               &amp#27;[90m# src/test/resources/features/LoginPage.feature:23&amp#27;[0m
  &amp#27;[32mGiven &amp#27;[0m&amp#27;[32mUser has opened the browser&amp#27;[0m                                               &amp#27;[90m# com.daryl.testng.definitions.LoginPageDefinitions.userHasOpenedTheBrowser()&amp#27;[0m
  &amp#27;[32mAnd &amp#27;[0m&amp#27;[32mUser has navigated to the login page of SmartEdu app &amp#27;[0m&amp#27;[32m&amp#27;[1m"http://192.168.0.22/"&amp#27;[0m &amp#27;[90m# com.daryl.testng.definitions.LoginPageDefinitions.userHasNavigatedToTheLoginPageOfSmartEduApp(java.lang.String)&amp#27;[0m
  &amp#27;[32mWhen &amp#27;[0m&amp#27;[32mUser enters username &amp#27;[0m&amp#27;[32m&amp#27;[1m"s1"&amp#27;[0m&amp#27;[32m and password &amp#27;[0m&amp#27;[32m&amp#27;[1m"Student.01"&amp#27;[0m                        &amp#27;[90m# com.daryl.testng.definitions.LoginPageDefinitions.userEntersUsernameAndPassword(java.lang.String,java.lang.String)&amp#27;[0m
  &amp#27;[32mAnd &amp#27;[0m&amp#27;[32mUser clicks on the login button&amp#27;[0m                                             &amp#27;[90m# com.daryl.testng.definitions.LoginPageDefinitions.userClicksOnTheLoginButton()&amp#27;[0m
URL didn't change, checking for dashboard elements...
Current URL after login: http://192.168.0.22/courses/INIUJIAN/index.php?id_session=0
Page title: SmartEdu - Ini ujian
URL verification: true
Content verification: true
Not on login page: true
  &amp#27;[32mThen &amp#27;[0m&amp#27;[32mUser should be directed to the dashboard page&amp#27;[0m                              &amp#27;[90m# com.daryl.testng.definitions.LoginPageDefinitions.userShouldBeDirectedToTheDashboardPage()&amp#27;[0m
  &amp#27;[32mWhen &amp#27;[0m&amp#27;[32mUser clicks on the Tests button&amp#27;[0m                                            &amp#27;[90m# com.daryl.testng.definitions.LoginPageDefinitions.userClicksOnTheTestsButton()&amp#27;[0m
  &amp#27;[32mThen &amp#27;[0m&amp#27;[32mUser should be directed to the Tests page&amp#27;[0m                                  &amp#27;[90m# com.daryl.testng.definitions.LoginPageDefinitions.userShouldBeDirectedToTheTestsPage()&amp#27;[0m
  &amp#27;[32mWhen &amp#27;[0m&amp#27;[32mUser clicks on &amp#27;[0m&amp#27;[32m&amp#27;[1m"IQ test"&amp#27;[0m&amp#27;[32m from the test list&amp#27;[0m                                &amp#27;[90m# com.daryl.testng.definitions.LoginPageDefinitions.userClicksOnTestFromTheTestList(java.lang.String)&amp#27;[0m
  &amp#27;[32mThen &amp#27;[0m&amp#27;[32mUser should be directed to the test overview page&amp#27;[0m                          &amp#27;[90m# com.daryl.testng.definitions.LoginPageDefinitions.userShouldBeDirectedToTheTestOverviewPage()&amp#27;[0m
Clicked 'Proceed with the test' button
  &amp#27;[32mWhen &amp#27;[0m&amp#27;[32mUser clicks on &amp#27;[0m&amp#27;[32m&amp#27;[1m"Start Test"&amp#27;[0m&amp#27;[32m button&amp#27;[0m                                         &amp#27;[90m# com.daryl.testng.definitions.LoginPageDefinitions.userClicksOnButton(java.lang.String)&amp#27;[0m
Current URL after clicking Proceed: http://192.168.0.22/main/exercise/exercise_submit.php?cidReq=INIUJIAN&id_session=0&gidReq=0&gradebook=0&origin=&exerciseId=2
  &amp#27;[32mThen &amp#27;[0m&amp#27;[32mUser should be directed to the test execution page&amp#27;[0m                         &amp#27;[90m# com.daryl.testng.definitions.LoginPageDefinitions.userShouldBeDirectedToTheTestExecutionPage()&amp#27;[0m

=== Processing Question 1 ===
Answered essay question
Next question button present: true
End test button present: false
Clicked Next question button

=== Processing Question 2 ===
Answered essay question
Next question button present: true
End test button present: false
Clicked Next question button

=== Processing Question 3 ===
Selected first option for multiple choice question
Next question button present: true
End test button present: false
Clicked Next question button

=== Processing Question 4 ===
Selected first option for multiple choice question
Next question button present: true
End test button present: false
Clicked Next question button

=== Processing Question 5 ===
Selected first option for multiple choice question
Next question button present: true
End test button present: false
Clicked Next question button

=== Processing Question 6 ===
Unknown question type detected
Next question button present: true
End test button present: false
Clicked Next question button

=== Processing Question 7 ===
Unknown question type detected
Next question button present: true
End test button present: false
Clicked Next question button

=== Processing Question 8 ===
Unknown question type detected
Next question button present: true
End test button present: false
Clicked Next question button

=== Processing Question 9 ===
Answered essay question
Next question button present: true
End test button present: false
Clicked Next question button

=== Processing Question 10 ===
Answered essay question
Next question button present: true
End test button present: true
Clicked End test button
Test completed at URL: http://192.168.0.22/main/exercise/exercise_submit.php?exe_id=147&exerciseId=2&learnpath_id=0&learnpath_item_id=0&learnpath_item_view_id=0&cidReq=INIUJIAN&id_session=0&gidReq=0&gradebook=0&origin=&reminder=0&num=9&remind_question_id=0
  &amp#27;[32mWhen &amp#27;[0m&amp#27;[32mUser answers all questions in the test&amp#27;[0m                                     &amp#27;[90m# com.daryl.testng.definitions.LoginPageDefinitions.userAnswersAllQuestionsInTheTest()&amp#27;[0m
Current URL after completing test: http://192.168.0.22/main/exercise/exercise_submit.php?exe_id=147&exerciseId=2&learnpath_id=0&learnpath_item_id=0&learnpath_item_view_id=0&cidReq=INIUJIAN&id_session=0&gidReq=0&gradebook=0&origin=&reminder=0&num=9&remind_question_id=0
Page contains 'Result': true
Page contains 'Saved': true
Page contains 'Exercise': true
  &amp#27;[32mThen &amp#27;[0m&amp#27;[32mUser should be directed to the test result page&amp#27;[0m                            &amp#27;[90m# com.daryl.testng.definitions.LoginPageDefinitions.userShouldBeDirectedToTheTestResultPage()&amp#27;[0m
]]></system-out>
    <system-err><![CDATA[SLF4J(W): No SLF4J providers were found.
SLF4J(W): Defaulting to no-operation (NOP) logger implementation
SLF4J(W): See https://www.slf4j.org/codes.html#noProviders for further details.
Aug 08, 2025 11:29:06 AM org.openqa.selenium.devtools.CdpVersionFinder findNearestMatch
WARNING: Unable to find an exact match for CDP version 139, returning the closest version; found: 138; Please update to a Selenium version that supports CDP version 139
]]></system-err>
  </testcase>
</testsuite>