<?xml version="1.0" encoding="UTF-8"?>
<testng-results ignored="0" total="1" passed="1" failed="0" skipped="0">
  <reporter-output>
  </reporter-output>
  <suite started-at="2025-08-08T11:29:00 WIB" name="Cucumber Test Suite" finished-at="2025-08-08T11:31:13 WIB" duration-ms="132890">
    <groups>
      <group name="cucumber">
        <method signature="AbstractTestNGCucumberTests.runScenario(io.cucumber.testng.PickleWrapper,io.cucumber.testng.FeatureWrapper)[pri:0, instance:com.daryl.testng.runner.CucumberRunnerTests@441772e]" name="runScenario" class="io.cucumber.testng.AbstractTestNGCucumberTests"/>
      </group> <!-- cucumber -->
    </groups>
    <test started-at="2025-08-08T11:29:00 WIB" name="Cucumber Tests" finished-at="2025-08-08T11:31:13 WIB" duration-ms="132890">
      <class name="com.daryl.testng.runner.CucumberRunnerTests">
        <test-method is-config="true" signature="setUpClass(org.testng.ITestContext)[pri:0, instance:com.daryl.testng.runner.CucumberRunnerTests@441772e]" started-at="2025-08-08T11:29:00 WIB" name="setUpClass" finished-at="2025-08-08T11:29:02 WIB" duration-ms="1247" status="PASS">
          <params>
            <param index="0">
              <value>
                <![CDATA[org.testng.TestRunner@63300c4b]]>
              </value>
            </param>
          </params>
          <reporter-output>
          </reporter-output>
        </test-method> <!-- setUpClass -->
        <test-method signature="runScenario(io.cucumber.testng.PickleWrapper,io.cucumber.testng.FeatureWrapper)[pri:0, instance:com.daryl.testng.runner.CucumberRunnerTests@441772e]" started-at="2025-08-08T11:29:02 WIB" name="runScenario" description="Runs Cucumber Scenarios" data-provider="scenarios" finished-at="2025-08-08T11:31:13 WIB" duration-ms="131372" status="PASS">
          <params>
            <param index="0">
              <value>
                <![CDATA["Login with valid credentials and complete IQ Test"]]>
              </value>
            </param>
            <param index="1">
              <value>
                <![CDATA["Login to SmartEdu Application"]]>
              </value>
            </param>
          </params>
          <reporter-output>
          </reporter-output>
        </test-method> <!-- runScenario -->
        <test-method is-config="true" signature="tearDownClass()[pri:0, instance:com.daryl.testng.runner.CucumberRunnerTests@441772e]" started-at="2025-08-08T11:31:13 WIB" name="tearDownClass" finished-at="2025-08-08T11:31:13 WIB" duration-ms="160" status="PASS">
          <reporter-output>
          </reporter-output>
        </test-method> <!-- tearDownClass -->
      </class> <!-- com.daryl.testng.runner.CucumberRunnerTests -->
    </test> <!-- Cucumber Tests -->
  </suite> <!-- Cucumber Test Suite -->
</testng-results>
